<?xml version="1.0" encoding="UTF-8"?>
<!-- Generated by org.testng.reporters.JUnitReportReporter -->
<testsuite hostname="Apurvs-MacBook-Pro.local" failures="0" tests="9" name="test.TestAssignment" time="54.584" errors="0" timestamp="2020-12-31T12:45:26 IST" skipped="0">
  <testcase classname="test.TestAssignment" name="verifyNavToHomePage" time="2.762"/>
  <testcase classname="test.TestAssignment" name="checkTabDetails" time="0.334"/>
  <testcase classname="test.TestAssignment" name="sortFirstCol" time="2.336"/>
  <testcase classname="test.TestAssignment" name="checkMaxEmailDomain" time="0.140"/>
  <testcase classname="test.TestAssignment" name="delSecondRow" time="2.892"/>
  <testcase classname="test.TestAssignment" name="editTestAdmin" time="31.023"/>
  <testcase classname="test.TestAssignment" name="verifyEditandDelCol" time="0.038"/>
  <testcase classname="test.TestAssignment" name="editBrokenLinks" time="14.863"/>
  <testcase classname="test.TestAssignment" name="storeList" time="0.196"/>
</testsuite> <!-- test.TestAssignment -->
